proj.android/build/outputs/logs/manifest-merger-release-report.txt
-- Merging decision tree log ---
manifest
ADDED from hm-coreball/proj.android/AndroidManifest.xml:2:1-63:12
	xmlns:tools
		ADDED from hm-coreball/proj.android/AndroidManifest.xml:3:5-51
	xmlns:android
		ADDED from hm-coreball/proj.android/AndroidManifest.xml:2:11-69
	package
		ADDED from hm-coreball/proj.android/AndroidManifest.xml:4:5-39
	android:versionName
		ADDED from hm-coreball/proj.android/AndroidManifest.xml:7:5-30
		INJECTED from hm-coreball/proj.android/AndroidManifest.xml
		INJECTED from hm-coreball/proj.android/AndroidManifest.xml
	android:versionCode
		ADDED from hm-coreball/proj.android/AndroidManifest.xml:6:5-28
		INJECTED from hm-coreball/proj.android/AndroidManifest.xml
		INJECTED from hm-coreball/proj.android/AndroidManifest.xml
	android:installLocation
		ADDED from hm-coreball/proj.android/AndroidManifest.xml:5:5-45
supports-screens
ADDED from hm-coreball/proj.android/AndroidManifest.xml:9:5-15:40
	android:resizeable
		ADDED from hm-coreball/proj.android/AndroidManifest.xml:13:9-34
	android:largeScreens
		ADDED from hm-coreball/proj.android/AndroidManifest.xml:11:9-36
	android:anyDensity
		ADDED from hm-coreball/proj.android/AndroidManifest.xml:10:9-34
	android:normalScreens
		ADDED from hm-coreball/proj.android/AndroidManifest.xml:12:9-37
	android:xlargeScreens
		ADDED from hm-coreball/proj.android/AndroidManifest.xml:15:9-37
	android:smallScreens
		ADDED from hm-coreball/proj.android/AndroidManifest.xml:14:9-36
uses-sdk
ADDED from hm-coreball/proj.android/AndroidManifest.xml:17:5-20:58
MERGED from [hm-coreball:proj.android-gps:unspecified] AndroidManifest.xml:7:5-43
	android:targetSdkVersion
		ADDED from hm-coreball/proj.android/AndroidManifest.xml:19:9-38
	android:minSdkVersion
		ADDED from hm-coreball/proj.android/AndroidManifest.xml:18:9-34
	tools:overrideLibrary
		ADDED from hm-coreball/proj.android/AndroidManifest.xml:20:9-55
uses-feature#0x00020000
ADDED from hm-coreball/proj.android/AndroidManifest.xml:22:5-54
	android:glEsVersion
		ADDED from hm-coreball/proj.android/AndroidManifest.xml:22:19-51
uses-permission#android.permission.INTERNET
ADDED from hm-coreball/proj.android/AndroidManifest.xml:24:5-67
	android:name
		ADDED from hm-coreball/proj.android/AndroidManifest.xml:24:22-64
uses-permission#android.permission.WRITE_EXTERNAL_STORAGE
ADDED from hm-coreball/proj.android/AndroidManifest.xml:25:5-81
	android:name
		ADDED from hm-coreball/proj.android/AndroidManifest.xml:25:22-78
uses-permission#android.permission.ACCESS_NETWORK_STATE
ADDED from hm-coreball/proj.android/AndroidManifest.xml:26:5-79
	android:name
		ADDED from hm-coreball/proj.android/AndroidManifest.xml:26:22-76
uses-permission#com.android.vending.BILLING
ADDED from hm-coreball/proj.android/AndroidManifest.xml:27:5-67
	android:name
		ADDED from hm-coreball/proj.android/AndroidManifest.xml:27:22-64
uses-permission#android.permission.READ_PHONE_STATE
ADDED from hm-coreball/proj.android/AndroidManifest.xml:28:5-75
	android:name
		ADDED from hm-coreball/proj.android/AndroidManifest.xml:28:22-72
uses-permission#android.permission.ACCESS_WIFI_STATE
ADDED from hm-coreball/proj.android/AndroidManifest.xml:29:5-76
	android:name
		ADDED from hm-coreball/proj.android/AndroidManifest.xml:29:22-73
application
ADDED from hm-coreball/proj.android/AndroidManifest.xml:31:5-61:19
	android:label
		ADDED from hm-coreball/proj.android/AndroidManifest.xml:33:9-41
	android:icon
		ADDED from hm-coreball/proj.android/AndroidManifest.xml:32:9-42
activity#com.happymobile.coreball.MainActivity
ADDED from hm-coreball/proj.android/AndroidManifest.xml:34:9-47:20
	android:screenOrientation
		ADDED from hm-coreball/proj.android/AndroidManifest.xml:39:13-49
	android:label
		ADDED from hm-coreball/proj.android/AndroidManifest.xml:37:13-45
	android:configChanges
		ADDED from hm-coreball/proj.android/AndroidManifest.xml:36:13-170
	android:theme
		ADDED from hm-coreball/proj.android/AndroidManifest.xml:40:13-71
	android:name
		ADDED from hm-coreball/proj.android/AndroidManifest.xml:35:13-41
	android:launchMode
		ADDED from hm-coreball/proj.android/AndroidManifest.xml:38:13-44
intent-filter#android.intent.action.MAIN+android.intent.category.LAUNCHER
ADDED from hm-coreball/proj.android/AndroidManifest.xml:41:13-45:29
action#android.intent.action.MAIN
ADDED from hm-coreball/proj.android/AndroidManifest.xml:42:17-69
	android:name
		ADDED from hm-coreball/proj.android/AndroidManifest.xml:42:25-66
category#android.intent.category.LAUNCHER
ADDED from hm-coreball/proj.android/AndroidManifest.xml:44:17-77
	android:name
		ADDED from hm-coreball/proj.android/AndroidManifest.xml:44:27-74
meta-data#unityplayer.UnityActivity
ADDED from hm-coreball/proj.android/AndroidManifest.xml:46:13-88
	android:name
		ADDED from hm-coreball/proj.android/AndroidManifest.xml:46:24-64
	android:value
		ADDED from hm-coreball/proj.android/AndroidManifest.xml:46:65-85
activity#com.google.android.gms.ads.AdActivity
ADDED from hm-coreball/proj.android/AndroidManifest.xml:48:9-51:73
	android:configChanges
		ADDED from hm-coreball/proj.android/AndroidManifest.xml:50:13-122
	android:theme
		ADDED from hm-coreball/proj.android/AndroidManifest.xml:51:13-61
	android:name
		ADDED from hm-coreball/proj.android/AndroidManifest.xml:49:13-65
activity#com.chartboost.sdk.CBImpressionActivity
ADDED from hm-coreball/proj.android/AndroidManifest.xml:52:9-57:86
	android:configChanges
		ADDED from hm-coreball/proj.android/AndroidManifest.xml:54:13-74
	android:theme
		ADDED from hm-coreball/proj.android/AndroidManifest.xml:57:13-83
	android:hardwareAccelerated
		ADDED from hm-coreball/proj.android/AndroidManifest.xml:56:13-47
	android:excludeFromRecents
		ADDED from hm-coreball/proj.android/AndroidManifest.xml:55:13-46
	android:name
		ADDED from hm-coreball/proj.android/AndroidManifest.xml:53:13-67
meta-data#com.google.android.gms.version
ADDED from hm-coreball/proj.android/AndroidManifest.xml:58:9-60:69
	android:name
		ADDED from hm-coreball/proj.android/AndroidManifest.xml:59:13-58
	android:value
		ADDED from hm-coreball/proj.android/AndroidManifest.xml:60:13-66